loc/cky/iPad {"tst":"1378395094","acc":"65m","alt":"37.573833","vac":"10m","lon":"6.688305","vel":"-1.000000","_type":"location","lat":"51.195883","dir":"-1.000000"}
loc/cky/iphone {"tst":"1378391254","acc":"65m","alt":"42.977921","vac":"15m","lon":"6.688631","vel":"-1.000000","_type":"location","lat":"51.195658","dir":"-1.000000"}
loc/cky/isim {"tst":"1378454667","acc":"5m","alt":"0.000000","vac":"-1m","lon":"6.684356","vel":"-1.000000","_type":"location","lat":"51.172785","dir":"-1.000000"}
loc/cky/isim {"tst":"1378454667","acc":"5m","alt":"0.000000","vac":"-1m","lon":"6.684356","vel":"-1.000000","_type":"location","lat":"51.172785","dir":"-1.000000"}
loc/sky/iphone {"tst":"1377985338","acc":"165m","alt":"42.601089","vac":"11m","lon":"6.688293","vel":"-1.000000","_type":"location","lat":"51.195879","dir":"-1.000000"}
loc {"tst":"1378455425","_type":"lwt"}
loc/cky/iphone {"tst":"1378455537","acc":"65m","alt":"41.094677","vac":"10m","lon":"6.688226","vel":"-1.000000","_type":"location","lat":"51.195982","dir":"-1.000000"}
loc/sky/iphone {"tst":"1378457247","acc":"165m","alt":"43.156818","vac":"53m","lon":"6.683111","vel":"-1.000000","_type":"location","lat":"51.202632","dir":"-1.000000"}
loc/cky/iPad {"tst":"1378458654","acc":"65m","alt":"41.620266","vac":"10m","lon":"6.688229","vel":"-1.000000","_type":"location","lat":"51.195840","dir":"-1.000000"}
loc/cky/iPad {"tst":"1378458734","acc":"30m","alt":"61.316380","vac":"57m","lon":"6.688031","vel":"0.000000","_type":"location","lat":"51.195738","dir":"-1.000000"}
loc/cky/iPad {"tst":"1378458753","acc":"10m","alt":"59.971767","vac":"19m","lon":"6.688031","vel":"0.000000","_type":"location","lat":"51.195738","dir":"-1.000000"}
loc {"tst":"1378452181","_type":"lwt"}
loc/cky/iPad {"tst":"1378395094","acc":"65m","alt":"37.573833","vac":"10m","lon":"6.688305","vel":"-1.000000","_type":"location","lat":"51.195883","dir":"-1.000000"}
loc/cky/iPad {"tst":"1378395094","acc":"65m","alt":"37.573833","vac":"10m","lon":"6.688305","vel":"-1.000000","_type":"location","lat":"51.195883","dir":"-1.000000"}
loc/cky/iphone {"tst":"1378455537","acc":"65m","alt":"41.094677","vac":"10m","lon":"6.688226","vel":"-1.000000","_type":"location","lat":"51.195982","dir":"-1.000000"}
loc/cky/isim {"tst":"1378454667","acc":"5m","alt":"0.000000","vac":"-1m","lon":"6.684356","vel":"-1.000000","_type":"location","lat":"51.172785","dir":"-1.000000"}
loc/sky/iphone {"tst":"1378457247","acc":"165m","alt":"43.156818","vac":"53m","lon":"6.683111","vel":"-1.000000","_type":"location","lat":"51.202632","dir":"-1.000000"}
loc/cky/iPad {"tst":"1378395094","acc":"65m","alt":"37.573833","vac":"10m","lon":"6.688305","vel":"-1.000000","_type":"location","lat":"51.195883","dir":"-1.000000"}
loc/cky/iphone {"tst":"1378391254","acc":"65m","alt":"42.977921","vac":"15m","lon":"6.688631","vel":"-1.000000","_type":"location","lat":"51.195658","dir":"-1.000000"}
loc/cky/iPad {"tst":"1378395094","acc":"65m","alt":"37.573833","vac":"10m","lon":"6.688305","vel":"-1.000000","_type":"location","lat":"51.195883","dir":"-1.000000"}
loc/cky/iPad {"tst":"1378459154","acc":"10m","alt":"51.799435","vac":"18m","lon":"6.688194","vel":"0.000000","_type":"location","lat":"51.195656","dir":"-1.000000"}
loc/cky/iPad {"tst":"1378459271","acc":"10m","alt":"37.630062","vac":"16m","lon":"6.688217","vel":"0.000000","_type":"location","lat":"51.195656","dir":"-1.000000"}
loc/cky/iPad {"tst":"1378395094","acc":"65m","alt":"37.573833","vac":"10m","lon":"6.688305","vel":"-1.000000","_type":"location","lat":"51.195883","dir":"-1.000000"}
loc/cky/iphone {"tst":"1378460713","acc":"10m","alt":"50.644058","vac":"12m","lon":"6.688586","vel":"0.000000","_type":"location","lat":"51.195960","dir":"-1.000000"}
loc/cky/iphone {"tst":"1378391254","acc":"65m","alt":"42.977921","vac":"15m","lon":"6.688631","vel":"-1.000000","_type":"location","lat":"51.195658","dir":"-1.000000"}
loc/sky/iphone {"tst":"1378461822","acc":"1414m","alt":"41.480938","vac":"57m","lon":"6.704500","vel":"-1.000000","_type":"location","lat":"51.176767","dir":"-1.000000"}
loc {"tst":"1378457248","_type":"lwt"}
loc/cky/iphone {"tst":"1378461587","acc":"165m","alt":"42.050011","vac":"52m","lon":"6.707705","vel":"-1.000000","_type":"location","lat":"51.172962","dir":"-1.000000"}
loc/cky/iphone {"tst":"1378462478","acc":"65m","alt":"40.178879","vac":"23m","lon":"6.728663","vel":"-1.000000","_type":"location","lat":"51.184084","dir":"-1.000000"}
loc/sky/iphone {"tst":"1378463032","acc":"1414m","alt":"41.000000","vac":"61m","lon":"6.740990","vel":"-1.000000","_type":"location","lat":"51.202066","dir":"-1.000000"}
loc {"tst":"1378457248","_type":"lwt"}
loc/sky/iphone {"tst":"1378468006","acc":"1414m","alt":"37.011581","vac":"24m","lon":"6.737471","vel":"-1.000000","_type":"location","lat":"51.198532","dir":"-1.000000"}
loc/cky/iphone {"tst":"1378468521","acc":"165m","alt":"40.421619","vac":"22m","lon":"6.725158","vel":"-1.000000","_type":"location","lat":"51.180030","dir":"-1.000000"}
loc/cky/iphone {"tst":"1378468987","acc":"65m","alt":"39.777039","vac":"28m","lon":"6.708298","vel":"-1.000000","_type":"location","lat":"51.173185","dir":"-1.000000"}
loc/cky/iphone {"tst":"1378460777","_type":"lwt"}
loc/sky/iphone {"tst":"1378468333","acc":"91m","alt":"37.893917","vac":"13m","lon":"6.728202","vel":"-1.000000","_type":"location","lat":"51.184333","dir":"-1.000000"}
loc/sky/iphone {"tst":"1378468746","acc":"1414m","alt":"39.844860","vac":"44m","lon":"6.706057","vel":"-1.000000","_type":"location","lat":"51.176925","dir":"-1.000000"}
loc {"tst":"1378457248","_type":"lwt"}
loc/sky/iphone {"tst":"1378468746","acc":"1414m","alt":"39.844860","vac":"44m","lon":"6.706057","vel":"-1.000000","_type":"location","lat":"51.176925","dir":"-1.000000"}
loc {"tst":"1378470109","_type":"lwt"}
loc/cky/iphone {"tst":"1378460777","_type":"lwt"}
loc/sky/iphone {"tst":"1378472436","acc":"1414m","alt":"43.000000","vac":"62m","lon":"6.685174","vel":"-1.000000","_type":"location","lat":"51.197407","dir":"-1.000000"}
loc {"tst":"1378472436","_type":"lwt"}
loc/cky/iphone {"tst":"1378474649","acc":"65m","alt":"42.017612","vac":"10m","lon":"6.688190","vel":"-1.000000","_type":"location","lat":"51.195959","dir":"-1.000000"}
loc/cky/iphone {"tst":"1378474712","acc":"50m","alt":"12.952904","vac":"95m","lon":"6.688238","vel":"0.000000","_type":"location","lat":"51.195788","dir":"-1.000000"}
loc/cky/iphone {"tst":"1378474771","acc":"30m","alt":"82.320267","vac":"57m","lon":"6.688543","vel":"0.000000","_type":"location","lat":"51.195680","dir":"-1.000000"}
loc/cky/iphone {"tst":"1378460777","_type":"lwt"}
loc/cky/iphone {"tst":"1378472411","acc":"1414m","alt":"40.999733","vac":"51m","lon":"6.690649","vel":"-1.000000","_type":"location","lat":"51.197942","dir":"-1.000000"}
loc/cky/iphone {"tst":"1378474826","acc":"100m","alt":"44.940121","vac":"125m","lon":"6.688543","vel":"0.000000","_type":"location","lat":"51.195680","dir":"-1.000000"}
loc/cky/iphone {"tst":"1378474844","acc":"30m","alt":"36.810062","vac":"57m","lon":"6.688543","vel":"0.000000","_type":"location","lat":"51.195680","dir":"-1.000000"}
loc/cky/iphone {"tst":"1378472411","acc":"1414m","alt":"40.999733","vac":"51m","lon":"6.690649","vel":"-1.000000","_type":"location","lat":"51.197942","dir":"-1.000000"}
loc/cky/iphone {"tst":"1378474918","acc":"65m","alt":"42.178780","vac":"10m","lon":"6.688231","vel":"-1.000000","_type":"location","lat":"51.195846","dir":"-1.000000"}
loc/cky/iphone {"tst":"1378474921","acc":"65m","alt":"42.178780","vac":"10m","lon":"6.688231","vel":"-1.000000","_type":"location","lat":"51.195846","dir":"-1.000000"}
loc/cky/iphone {"tst":"1378474923","acc":"65m","alt":"42.178780","vac":"10m","lon":"6.688231","vel":"-1.000000","_type":"location","lat":"51.195846","dir":"-1.000000"}
loc/cky/iphone {"tst":"1378472411","acc":"1414m","alt":"40.999733","vac":"51m","lon":"6.690649","vel":"-1.000000","_type":"location","lat":"51.197942","dir":"-1.000000"}
loc/cky/iphone {"tst":"1378474948","acc":"65m","alt":"42.178780","vac":"10m","lon":"6.688231","vel":"-1.000000","_type":"location","lat":"51.195846","dir":"-1.000000"}
loc/cky/iphone {"tst":"1378472411","acc":"1414m","alt":"40.999733","vac":"51m","lon":"6.690649","vel":"-1.000000","_type":"location","lat":"51.197942","dir":"-1.000000"}
loc/cky/iphone {"tst":"1378472411","acc":"1414m","alt":"40.999733","vac":"51m","lon":"6.690649","vel":"-1.000000","_type":"location","lat":"51.197942","dir":"-1.000000"}
loc/cky/iphone {"tst":"1378475751","acc":"65m","alt":"40.243755","vac":"10m","lon":"6.688213","vel":"-1.000000","_type":"location","lat":"51.195882","dir":"-1.000000"}
loc/cky/iphone {"tst":"1378472411","acc":"1414m","alt":"40.999733","vac":"51m","lon":"6.690649","vel":"-1.000000","_type":"location","lat":"51.197942","dir":"-1.000000"}
loc/cky/iphone {"tst":"1378472411","acc":"1414m","alt":"40.999733","vac":"51m","lon":"6.690649","vel":"-1.000000","_type":"location","lat":"51.197942","dir":"-1.000000"}
loc/cky/iphone {"tst":"1378476400","_type":"lwt"}
loc/cky/iphone {"tst":"1378472411","acc":"1414m","alt":"40.999733","vac":"51m","lon":"6.690649","vel":"-1.000000","_type":"location","lat":"51.197942","dir":"-1.000000"}
loc/cky/iphone {"tst":"1378472411","acc":"1414m","alt":"40.999733","vac":"51m","lon":"6.690649","vel":"-1.000000","_type":"location","lat":"51.197942","dir":"-1.000000"}
loc/cky/iphone {"tst":"1378472411","acc":"1414m","alt":"40.999733","vac":"51m","lon":"6.690649","vel":"-1.000000","_type":"location","lat":"51.197942","dir":"-1.000000"}
loc/cky/iphone {"tst":"1378476717","acc":"10m","alt":"47.410934","vac":"16m","lon":"6.688469","vel":"0.000000","_type":"location","lat":"51.195846","dir":"-1.000000"}
loc/cky/iphone {"tst":"1378476719","acc":"10m","alt":"46.365715","vac":"16m","lon":"6.688469","vel":"0.000000","_type":"location","lat":"51.195846","dir":"-1.000000"}
loc/cky/iphone {"tst":"1378476721","acc":"10m","alt":"47.537064","vac":"16m","lon":"6.688469","vel":"0.000000","_type":"location","lat":"51.195846","dir":"-1.000000"}
loc/cky/iphone {"tst":"1378476723","acc":"10m","alt":"47.340286","vac":"17m","lon":"6.688469","vel":"0.000000","_type":"location","lat":"51.195846","dir":"-1.000000"}
loc/cky/iphone {"tst":"1378472411","acc":"1414m","alt":"40.999733","vac":"51m","lon":"6.690649","vel":"-1.000000","_type":"location","lat":"51.197942","dir":"-1.000000"}
loc/cky/iphone {"tst":"1378476809","acc":"30m","alt":"43.795174","vac":"57m","lon":"6.688234","vel":"0.000000","_type":"location","lat":"51.195636","dir":"-1.000000"}
loc/cky/iphone {"tst":"1378472411","acc":"1414m","alt":"40.999733","vac":"51m","lon":"6.690649","vel":"-1.000000","_type":"location","lat":"51.197942","dir":"-1.000000"}
loc/cky/iphone {"tst":"1378476698","_type":"lwt"}
wheather/cky 
wheather/cky Still Good
loc/cky/iphone {"tst":"1378476698","_type":"lwt"}
loc/cky/iphone {"tst":"1378472411","acc":"1414m","alt":"40.999733","vac":"51m","lon":"6.690649","vel":"-1.000000","_type":"location","lat":"51.197942","dir":"-1.000000"}
wheather/cky Showers
loc/cky/iphone {"tst":"1378477976","_type":"lwt"}
loc/cky/iphone {"tst":"1378472411","acc":"1414m","alt":"40.999733","vac":"51m","lon":"6.690649","vel":"-1.000000","_type":"location","lat":"51.197942","dir":"-1.000000"}
wheater/cky TS
loc/cky/iphone {"tst":"1378478245","_type":"lwt"}
wheater/cky TS
loc/cky/iphone {"tst":"1378478245","_type":"lwt"}
loc/cky/iphone {"tst":"1378472411","acc":"1414m","alt":"40.999733","vac":"51m","lon":"6.690649","vel":"-1.000000","_type":"location","lat":"51.197942","dir":"-1.000000"}
wheater/cky TS
wheater/cky TS
loc/cky/iphone {"tst":"1378472411","acc":"1414m","alt":"40.999733","vac":"51m","lon":"6.690649","vel":"-1.000000","_type":"location","lat":"51.197942","dir":"-1.000000"}
wheater/cky TS
wheater/cky TS
wheater/cky TS
wheater/cky TS
wheater/cky TS
wheater/cky TS
wheater/cky TS
wheater/cky TS
wheater/cky TS
loc/cky/iphone {"tst":"1378478896","_type":"lwt"}
loc/cky/iphone {"tst":"1378472411","acc":"1414m","alt":"40.999733","vac":"51m","lon":"6.690649","vel":"-1.000000","_type":"location","lat":"51.197942","dir":"-1.000000"}
loc/cky/iphone {"tst":"1378472411","acc":"1414m","alt":"40.999733","vac":"51m","lon":"6.690649","vel":"-1.000000","_type":"location","lat":"51.197942","dir":"-1.000000"}
wheater/cky TS
wheater/cky TS
wheater/cky TS
wheater/cky TS
wheater/cky TS
wheater/cky TS
wheater/cky TS
wheater/cky TS
wheater/cky TS
wheather/cky Sunny Skies
wheater/cky TS
wheather/cky Sunny Skies
wheater/cky TS
wheather/cky Sunny Skies
wheater/cky TS
wheather/cky Sunny Skies
wheater/cky TS
wheather/cky Sunny Skies
wheater/cky TS
loc/cky/iphone {"tst":"1378472411","acc":"1414m","alt":"40.999733","vac":"51m","lon":"6.690649","vel":"-1.000000","_type":"location","lat":"51.197942","dir":"-1.000000"}
loc/cky/iphone {"tst":"1378479523","acc":"10m","alt":"44.505127","vac":"19m","lon":"6.688297","vel":"0.000000","_type":"location","lat":"51.195566","dir":"-1.000000"}
loc/cky/iphone {"tst":"1378479523","acc":"10m","alt":"44.505127","vac":"19m","lon":"6.688297","vel":"0.000000","_type":"location","lat":"51.195566","dir":"-1.000000"}
loc/cky/iphone {"tst":"1378479523","acc":"10m","alt":"44.505127","vac":"19m","lon":"6.688297","vel":"0.000000","_type":"location","lat":"51.195566","dir":"-1.000000"}
loc/cky/iphone {"tst":"1378479523","acc":"10m","alt":"44.505127","vac":"19m","lon":"6.688297","vel":"0.000000","_type":"location","lat":"51.195566","dir":"-1.000000"}
loc/cky/iphone {"tst":"1378479523","acc":"10m","alt":"44.505127","vac":"19m","lon":"6.688297","vel":"0.000000","_type":"location","lat":"51.195566","dir":"-1.000000"}
loc/cky/iphone {"tst":"1378479523","acc":"10m","alt":"44.505127","vac":"19m","lon":"6.688297","vel":"0.000000","_type":"location","lat":"51.195566","dir":"-1.000000"}
loc/cky/iphone {"tst":"1378479523","acc":"10m","alt":"44.505127","vac":"19m","lon":"6.688297","vel":"0.000000","_type":"location","lat":"51.195566","dir":"-1.000000"}
loc/cky/iphone {"tst":"1378479523","acc":"10m","alt":"44.505127","vac":"19m","lon":"6.688297","vel":"0.000000","_type":"location","lat":"51.195566","dir":"-1.000000"}
loc/cky/iphone {"tst":"1378479523","acc":"10m","alt":"44.505127","vac":"19m","lon":"6.688297","vel":"0.000000","_type":"location","lat":"51.195566","dir":"-1.000000"}
loc/cky/iphone {"tst":"1378479557","acc":"65m","alt":"42.528637","vac":"10m","lon":"6.688164","vel":"-1.000000","_type":"location","lat":"51.195933","dir":"-1.000000"}
loc/cky/iphone {"tst":"1378479599","acc":"5m","alt":"0.000000","vac":"-1m","lon":"6.679844","vel":"-1.000000","_type":"location","lat":"51.197953","dir":"-1.000000"}
loc/cky/iphone {"tst":"1378479900","acc":"5m","alt":"0.000000","vac":"-1m","lon":"6.688206","vel":"-1.000000","_type":"location","lat":"51.195846","dir":"-1.000000"}
loc/cky/iphone {"tst":"1378479529","_type":"lwt"}
loc/cky/iphone {"tst":"1378479900","acc":"5m","alt":"0.000000","vac":"-1m","lon":"6.688206","vel":"-1.000000","_type":"location","lat":"51.195846","dir":"-1.000000"}
loc/cky/iphone {"tst":"1378480209","acc":"5m","alt":"0.000000","vac":"-1m","lon":"6.681938","vel":"-1.000000","_type":"location","lat":"51.193193","dir":"-1.000000"}
loc/cky/iphone {"tst":"1378479997","_type":"lwt"}
loc/cky/iphone {"tst":"1378480510","acc":"5m","alt":"0.000000","vac":"-1m","lon":"6.670106","vel":"-1.000000","_type":"location","lat":"51.188156","dir":"-1.000000"}
loc/cky/iphone {"tst":"1378480510","acc":"5m","alt":"0.000000","vac":"-1m","lon":"6.670106","vel":"-1.000000","_type":"location","lat":"51.188156","dir":"-1.000000"}
loc/cky/iphone {"tst":"1378480810","acc":"10m","alt":"58.333107","vac":"19m","lon":"6.688238","vel":"0.000000","_type":"location","lat":"51.195873","dir":"-1.000000"}
loc/cky/iphone {"tst":"1378480993","acc":"10m","alt":"57.338005","vac":"19m","lon":"6.686630","vel":"0.000000","_type":"location","lat":"51.196371","dir":"303.158587"}
loc/cky/iphone {"tst":"1378481003","acc":"10m","alt":"59.862892","vac":"19m","lon":"6.686630","vel":"0.000000","_type":"location","lat":"51.196371","dir":"303.158587"}
loc/cky/iphone {"tst":"1378481004","acc":"10m","alt":"59.862892","vac":"19m","lon":"6.686630","vel":"0.000000","_type":"location","lat":"51.196371","dir":"303.158587"}
loc/cky/iphone {"tst":"1378481004","acc":"30m","alt":"65.018425","vac":"57m","lon":"6.686630","vel":"0.000000","_type":"location","lat":"51.196371","dir":"303.158587"}
loc/cky/iphone {"tst":"1378481004","acc":"30m","alt":"65.018425","vac":"57m","lon":"6.686630","vel":"0.000000","_type":"location","lat":"51.196371","dir":"303.158587"}
loc/cky/iphone {"tst":"1378481005","acc":"30m","alt":"65.018425","vac":"57m","lon":"6.686630","vel":"0.000000","_type":"location","lat":"51.196371","dir":"303.158587"}
loc/cky/iphone {"tst":"1378481005","acc":"30m","alt":"65.018425","vac":"57m","lon":"6.686630","vel":"0.000000","_type":"location","lat":"51.196371","dir":"303.158587"}
loc/cky/iphone {"tst":"1378481005","acc":"30m","alt":"66.628098","vac":"57m","lon":"6.686630","vel":"0.000000","_type":"location","lat":"51.196371","dir":"-1.000000"}
loc/cky/iphone {"tst":"1378481006","acc":"30m","alt":"66.628098","vac":"57m","lon":"6.686630","vel":"0.000000","_type":"location","lat":"51.196371","dir":"-1.000000"}
loc/cky/iphone {"tst":"1378481008","acc":"30m","alt":"67.041588","vac":"57m","lon":"6.686630","vel":"0.000000","_type":"location","lat":"51.196371","dir":"-1.000000"}
loc/cky/iphone {"tst":"1378481051","acc":"30m","alt":"65.717033","vac":"57m","lon":"6.686630","vel":"0.000000","_type":"location","lat":"51.196371","dir":"303.158587"}
loc/cky/iphone {"tst":"1378481054","acc":"30m","alt":"62.940453","vac":"57m","lon":"6.686630","vel":"0.000000","_type":"location","lat":"51.196371","dir":"303.158587"}
loc/cky/iphone {"tst":"1378481056","acc":"30m","alt":"63.646103","vac":"57m","lon":"6.686630","vel":"0.000000","_type":"location","lat":"51.196371","dir":"303.158587"}
loc/cky/iphone {"tst":"1378481057","acc":"30m","alt":"63.035896","vac":"57m","lon":"6.686630","vel":"0.000000","_type":"location","lat":"51.196371","dir":"-1.000000"}
loc/cky/iphone {"tst":"1378480810","acc":"10m","alt":"58.333107","vac":"19m","lon":"6.688238","vel":"0.000000","_type":"location","lat":"51.195873","dir":"-1.000000"}
loc/cky/iphone {"tst":"1378481064","acc":"30m","alt":"68.224197","vac":"57m","lon":"6.686630","vel":"0.000000","_type":"location","lat":"51.196371","dir":"-1.000000"}
loc/cky/iphone {"tst":"1378481065","acc":"30m","alt":"75.058464","vac":"57m","lon":"6.686630","vel":"0.000000","_type":"location","lat":"51.196371","dir":"303.158587"}
loc/cky/iphone {"tst":"1378481071","acc":"30m","alt":"94.284454","vac":"57m","lon":"6.686630","vel":"0.000000","_type":"location","lat":"51.196371","dir":"303.158587"}
loc/cky/iphone {"tst":"1378480810","acc":"10m","alt":"58.333107","vac":"19m","lon":"6.688238","vel":"0.000000","_type":"location","lat":"51.195873","dir":"-1.000000"}
wheater/cky TS
loc/cky/iphone {"tst":"1378480810","acc":"10m","alt":"58.333107","vac":"19m","lon":"6.688238","vel":"0.000000","_type":"location","lat":"51.195873","dir":"-1.000000"}
loc/cky/iphone {"tst":"1378481407","_type":"lwt"}
loc/cky/iphone {"tst":"1378480810","acc":"10m","alt":"58.333107","vac":"19m","lon":"6.688238","vel":"0.000000","_type":"location","lat":"51.195873","dir":"-1.000000"}
wheater/cky TS
wheater/cky TS
loc/cky/iphone {"tst":"1378481538","acc":"10m","alt":"52.386024","vac":"19m","lon":"6.687500","vel":"0.000000","_type":"location","lat":"51.195981","dir":"270.497716"}
loc/cky/iphone {"tst":"1378481446","_type":"lwt"}
loc/cky/iphone {"tst":"1378480810","acc":"10m","alt":"58.333107","vac":"19m","lon":"6.688238","vel":"0.000000","_type":"location","lat":"51.195873","dir":"-1.000000"}
wheater/cky TS
loc/cky/iphone {"tst":"1378480810","acc":"10m","alt":"58.333107","vac":"19m","lon":"6.688238","vel":"0.000000","_type":"location","lat":"51.195873","dir":"-1.000000"}
loc/cky/iphone {"tst":"1378482140","_type":"lwt"}
loc/cky/iphone {"tst":"1378480810","acc":"10m","alt":"58.333107","vac":"19m","lon":"6.688238","vel":"0.000000","_type":"location","lat":"51.195873","dir":"-1.000000"}
loc/cky/iphone {"tst":"1378482266","_type":"lwt"}
loc/cky/iphone {"tst":"1378480810","acc":"10m","alt":"58.333107","vac":"19m","lon":"6.688238","vel":"0.000000","_type":"location","lat":"51.195873","dir":"-1.000000"}
wheater/cky TS
wheather/cky Sunny Skies
wheather/cky Sunny Skies
loc/cky/iphone {"tst":"1378483017","_type":"lwt"}
loc/cky/iphone {"tst":"1378480810","acc":"10m","alt":"58.333107","vac":"19m","lon":"6.688238","vel":"0.000000","_type":"location","lat":"51.195873","dir":"-1.000000"}
loc/cky/iphone {"tst":"1378480810","acc":"10m","alt":"58.333107","vac":"19m","lon":"6.688238","vel":"0.000000","_type":"location","lat":"51.195873","dir":"-1.000000"}
